<?xml version="1.0" encoding="UTF-8"?>
<testng-results ignored="0" total="1" passed="1" failed="0" skipped="0">
  <reporter-output>
  </reporter-output>
  <suite started-at="2023-06-05T16:28:46 EDT" name="Default suite" finished-at="2023-06-05T16:28:52 EDT" duration-ms="5820">
    <groups>
    </groups>
    <test started-at="2023-06-05T16:28:46 EDT" name="Default test" finished-at="2023-06-05T16:28:52 EDT" duration-ms="5820">
      <class name="gpack.LoginTest">
        <test-method signature="login()[pri:0, instance:gpack.LoginTest@5a45133e]" started-at="2023-06-05T16:28:46 EDT" name="login" finished-at="2023-06-05T16:28:52 EDT" duration-ms="5787" status="PASS">
          <reporter-output>
          </reporter-output>
        </test-method> <!-- login -->
      </class> <!-- gpack.LoginTest -->
    </test> <!-- Default test -->
  </suite> <!-- Default suite -->
</testng-results>
